<?xml version="1.0" encoding="UTF-8"?>
<!-- Generated by org.testng.reporters.JUnitXMLReporter -->
<testsuite ignored="2" hostname="MacBook-Pro-Ann.local" failures="0" tests="1" name="Constru" time="15.868" errors="0" timestamp="2023-08-13T11:18:17 IDT">
  <testcase classname="com.tests.LoginTests" name="successfulLogin" time="10.114"/>
  <testcase classname="com.tests.LoginTests" name="invalidPassword" time="0.0">
    <ignored/>
  </testcase> <!-- invalidPassword -->
  <testcase classname="com.tests.LoginTests" name="invalidUserName" time="0.0">
    <ignored/>
  </testcase> <!-- invalidUserName -->
</testsuite> <!-- Constru -->
